<?xml version="1.0" encoding="UTF-8"?>
<!-- Generated by org.testng.reporters.JUnitReportReporter -->
<testsuite hostname="LAPTOP-R1775SKG" failures="0" tests="1" name="com.learnAutomation.tests.LoginCRM" time="4.288" errors="0" timestamp="2022-02-13T00:40:39 IST" skipped="0">
  <testcase classname="com.learnAutomation.tests.LoginCRM" name="loginApp" time="4.288"/>
  <system-out/>
</testsuite> <!-- com.learnAutomation.tests.LoginCRM -->
